<?xml version="1.0" encoding="UTF-8"?>
<!-- Generated by org.testng.reporters.JUnitXMLReporter -->
<testsuite ignored="0" hostname="HEISRONE" failures="0" tests="3" name="Playwright in chromebrowser" time="44.649" errors="0" timestamp="2026-06-24T21:51:37 IST">
  <testcase classname="com.qa.Testcases.HomepageTest" name="firsttest" time="0.17"/>
  <testcase classname="com.qa.Testcases.HomepageTest" name="secondtest" time="1.079"/>
  <testcase classname="com.qa.Testcases.HomepageTest" name="thirdtest" time="4.02"/>
</testsuite> <!-- Playwright in chromebrowser -->
