<?xml version="1.0" encoding="UTF-8"?>
<!-- Generated by org.testng.reporters.JUnitXMLReporter -->
<testsuite ignored="0" hostname="HEISRONE" failures="0" tests="3" name="Playwright in chromebrowser" time="38.366" errors="0" timestamp="2026-05-28T14:17:20 IST">
  <testcase classname="com.qa.Testcases.HomepageTest" name="firsttest" time="0.023"/>
  <testcase classname="com.qa.Testcases.HomepageTest" name="secondtest" time="0.005"/>
  <testcase classname="com.qa.Testcases.HomepageTest" name="thirdtest" time="1.032"/>
</testsuite> <!-- Playwright in chromebrowser -->
