<?xml version="1.0" encoding="UTF-8"?>
<testng-results ignored="0" total="4" passed="4" failed="0" skipped="0">
  <reporter-output>
  </reporter-output>
  <suite started-at="2026-06-09T07:57:08 IST" name="Selenium playwright validations" finished-at="2026-06-09T07:57:41 IST" duration-ms="32962">
    <groups>
    </groups>
    <test started-at="2026-06-09T07:57:08 IST" name="Playwright in chromebrowser" finished-at="2026-06-09T07:57:39 IST" duration-ms="31435">
      <class name="com.qa.Testcases.HomepageTest">
        <test-method is-config="true" signature="setup()[pri:0, instance:com.qa.Testcases.HomepageTest@6f36c2f0]" started-at="2026-06-09T07:57:08 IST" name="setup" finished-at="2026-06-09T07:57:36 IST" duration-ms="28785" status="PASS">
          <reporter-output>
          </reporter-output>
        </test-method> <!-- setup -->
        <test-method signature="firsttest()[pri:0, instance:com.qa.Testcases.HomepageTest@6f36c2f0]" started-at="2026-06-09T07:57:36 IST" name="firsttest" finished-at="2026-06-09T07:57:36 IST" duration-ms="26" status="PASS">
          <reporter-output>
          </reporter-output>
        </test-method> <!-- firsttest -->
        <test-method signature="secondtest()[pri:0, instance:com.qa.Testcases.HomepageTest@6f36c2f0]" started-at="2026-06-09T07:57:36 IST" name="secondtest" finished-at="2026-06-09T07:57:36 IST" duration-ms="11" status="PASS">
          <reporter-output>
          </reporter-output>
        </test-method> <!-- secondtest -->
        <test-method signature="thirdtest()[pri:0, instance:com.qa.Testcases.HomepageTest@6f36c2f0]" started-at="2026-06-09T07:57:36 IST" name="thirdtest" finished-at="2026-06-09T07:57:38 IST" duration-ms="1952" status="PASS">
          <reporter-output>
          </reporter-output>
        </test-method> <!-- thirdtest -->
        <test-method is-config="true" signature="teardown()[pri:0, instance:com.qa.Testcases.HomepageTest@6f36c2f0]" started-at="2026-06-09T07:57:38 IST" name="teardown" finished-at="2026-06-09T07:57:39 IST" duration-ms="590" status="PASS">
          <reporter-output>
          </reporter-output>
        </test-method> <!-- teardown -->
      </class> <!-- com.qa.Testcases.HomepageTest -->
    </test> <!-- Playwright in chromebrowser -->
    <test started-at="2026-06-09T07:57:08 IST" name="Dashboard page validations" finished-at="2026-06-09T07:57:41 IST" duration-ms="32962">
      <class name="com.qa.Testcases.Dashboardtest">
        <test-method is-config="true" signature="setup()[pri:0, instance:com.qa.Testcases.Dashboardtest@5852c06f]" started-at="2026-06-09T07:57:08 IST" name="setup" finished-at="2026-06-09T07:57:36 IST" duration-ms="28453" status="PASS">
          <reporter-output>
          </reporter-output>
        </test-method> <!-- setup -->
        <test-method signature="dashboardtest1()[pri:0, instance:com.qa.Testcases.Dashboardtest@5852c06f]" started-at="2026-06-09T07:57:36 IST" name="dashboardtest1" finished-at="2026-06-09T07:57:40 IST" duration-ms="4024" status="PASS">
          <reporter-output>
          </reporter-output>
        </test-method> <!-- dashboardtest1 -->
        <test-method is-config="true" signature="teardown()[pri:0, instance:com.qa.Testcases.Dashboardtest@5852c06f]" started-at="2026-06-09T07:57:40 IST" name="teardown" finished-at="2026-06-09T07:57:41 IST" duration-ms="376" status="PASS">
          <reporter-output>
          </reporter-output>
        </test-method> <!-- teardown -->
      </class> <!-- com.qa.Testcases.Dashboardtest -->
    </test> <!-- Dashboard page validations -->
  </suite> <!-- Selenium playwright validations -->
</testng-results>
