<?xml version="1.0" encoding="UTF-8"?>
<testng-results ignored="0" total="4" passed="4" failed="0" skipped="0">
  <reporter-output>
  </reporter-output>
  <suite started-at="2026-05-28T18:38:15 IST" name="Selenium playwright validations" finished-at="2026-05-28T18:39:21 IST" duration-ms="65939">
    <groups>
    </groups>
    <test started-at="2026-05-28T18:38:15 IST" name="Playwright in chromebrowser" finished-at="2026-05-28T18:39:02 IST" duration-ms="47082">
      <class name="com.qa.Testcases.HomepageTest">
        <test-method is-config="true" signature="setup()[pri:0, instance:com.qa.Testcases.HomepageTest@6f36c2f0]" started-at="2026-05-28T18:38:15 IST" name="setup" finished-at="2026-05-28T18:38:57 IST" duration-ms="41199" status="PASS">
          <reporter-output>
          </reporter-output>
        </test-method> <!-- setup -->
        <test-method signature="firsttest()[pri:0, instance:com.qa.Testcases.HomepageTest@6f36c2f0]" started-at="2026-05-28T18:38:57 IST" name="firsttest" finished-at="2026-05-28T18:38:57 IST" duration-ms="117" status="PASS">
          <reporter-output>
          </reporter-output>
        </test-method> <!-- firsttest -->
        <test-method signature="secondtest()[pri:0, instance:com.qa.Testcases.HomepageTest@6f36c2f0]" started-at="2026-05-28T18:38:57 IST" name="secondtest" finished-at="2026-05-28T18:38:57 IST" duration-ms="10" status="PASS">
          <reporter-output>
          </reporter-output>
        </test-method> <!-- secondtest -->
        <test-method signature="thirdtest()[pri:0, instance:com.qa.Testcases.HomepageTest@6f36c2f0]" started-at="2026-05-28T18:38:57 IST" name="thirdtest" finished-at="2026-05-28T18:39:01 IST" duration-ms="4161" status="PASS">
          <reporter-output>
          </reporter-output>
        </test-method> <!-- thirdtest -->
        <test-method is-config="true" signature="teardown()[pri:0, instance:com.qa.Testcases.HomepageTest@6f36c2f0]" started-at="2026-05-28T18:39:01 IST" name="teardown" finished-at="2026-05-28T18:39:02 IST" duration-ms="1329" status="PASS">
          <reporter-output>
          </reporter-output>
        </test-method> <!-- teardown -->
      </class> <!-- com.qa.Testcases.HomepageTest -->
    </test> <!-- Playwright in chromebrowser -->
    <test started-at="2026-05-28T18:38:15 IST" name="Dashboard page validations" finished-at="2026-05-28T18:39:21 IST" duration-ms="65938">
      <class name="com.qa.Testcases.Dashboardtest">
        <test-method is-config="true" signature="setup()[pri:0, instance:com.qa.Testcases.Dashboardtest@5852c06f]" started-at="2026-05-28T18:38:15 IST" name="setup" finished-at="2026-05-28T18:39:03 IST" duration-ms="47901" status="PASS">
          <reporter-output>
          </reporter-output>
        </test-method> <!-- setup -->
        <test-method signature="dashboardtest1()[pri:0, instance:com.qa.Testcases.Dashboardtest@5852c06f]" started-at="2026-05-28T18:39:03 IST" name="dashboardtest1" finished-at="2026-05-28T18:39:20 IST" duration-ms="16798" status="PASS">
          <reporter-output>
          </reporter-output>
        </test-method> <!-- dashboardtest1 -->
        <test-method is-config="true" signature="teardown()[pri:0, instance:com.qa.Testcases.Dashboardtest@5852c06f]" started-at="2026-05-28T18:39:20 IST" name="teardown" finished-at="2026-05-28T18:39:21 IST" duration-ms="1172" status="PASS">
          <reporter-output>
          </reporter-output>
        </test-method> <!-- teardown -->
      </class> <!-- com.qa.Testcases.Dashboardtest -->
    </test> <!-- Dashboard page validations -->
  </suite> <!-- Selenium playwright validations -->
</testng-results>
