<?xml version="1.0" encoding="UTF-8"?>
<!-- Generated by org.testng.reporters.JUnitReportReporter -->
<testsuite hostname="HEISRONE" failures="0" tests="3" name="com.qa.Testcases.HomepageTest" time="4.288" errors="0" timestamp="2026-05-28T18:39:22 IST" skipped="0">
  <testcase classname="com.qa.Testcases.HomepageTest" name="thirdtest" time="4.161"/>
  <testcase classname="com.qa.Testcases.HomepageTest" name="firsttest" time="0.117"/>
  <testcase classname="com.qa.Testcases.HomepageTest" name="secondtest" time="0.010"/>
</testsuite> <!-- com.qa.Testcases.HomepageTest -->
