<?xml version="1.0" encoding="UTF-8"?>
<!-- Generated by org.testng.reporters.JUnitReportReporter -->
<testsuite hostname="HEISRONE" failures="0" tests="3" name="com.qa.Testcases.HomepageTest" time="2.198" errors="0" timestamp="2026-06-11T10:38:08 IST" skipped="0">
  <testcase classname="com.qa.Testcases.HomepageTest" name="secondtest" time="0.159"/>
  <testcase classname="com.qa.Testcases.HomepageTest" name="thirdtest" time="1.903"/>
  <testcase classname="com.qa.Testcases.HomepageTest" name="firsttest" time="0.136"/>
</testsuite> <!-- com.qa.Testcases.HomepageTest -->
