<?xml version="1.0" encoding="UTF-8"?>
<!-- Generated by org.testng.reporters.JUnitXMLReporter -->
<testsuite ignored="0" hostname="HEISRONE" failures="0" tests="3" name="Default test" time="35.95" errors="0" timestamp="2026-05-26T20:24:20 IST">
  <testcase classname="com.qa.Testcases.HomepageTest" name="firsttest" time="0.068"/>
  <testcase classname="com.qa.Testcases.HomepageTest" name="secondtest" time="0.012"/>
  <testcase classname="com.qa.Testcases.HomepageTest" name="thirdtest" time="1.823"/>
</testsuite> <!-- Default test -->
